
> marketing-ai@0.1.0 build
> next build

warn  - You have enabled experimental feature (appDir) in next.config.js.
warn  - Experimental features are not covered by semver, and may cause unexpected or broken application behavior. Use at your own risk.
info  - Thank you for testing `appDir` please leave your feedback at https://nextjs.link/app-feedback

info  - Creating an optimized production build...
info  - Compiled successfully
info  - Linting and checking validity of types...
info  - Collecting page data...
info  - Generating static pages (0/3)
info  - Generating static pages (3/3)
info  - Finalizing page optimization...

Route (app)                                Size     First Load JS
─ ○ /                                      0 B                0 B
+ First Load JS shared by all              82.7 kB
  ├ chunks/17-f2d707dd60cbbe95.js          80.4 kB
  ├ chunks/main-app-ecd55189043043ff.js    217 B
  └ chunks/webpack-6bc5767855e89f90.js     2.11 kB

Route (pages)                              Size     First Load JS
┌ ○ /404                                   179 B          81.2 kB
└ λ /api/hello                             0 B              81 kB
+ First Load JS shared by all              81 kB
  ├ chunks/main-7f0563c831689cf4.js        78.7 kB
  ├ chunks/pages/_app-5841ab2cb3aa228d.js  192 B
  └ chunks/webpack-6bc5767855e89f90.js     2.11 kB

λ  (Server)  server-side renders at runtime (uses getInitialProps or getServerSideProps)
○  (Static)  automatically rendered as static HTML (uses no initial props)

